d:\mythirdqt_vs\mythirdqt_vs\x64\debug\vc142.pdb
d:\mythirdqt_vs\mythirdqt_vs\x64\debug\qrc_test1.obj
d:\mythirdqt_vs\mythirdqt_vs\x64\debug\main.obj
d:\mythirdqt_vs\mythirdqt_vs\x64\debug\createconnection.obj
d:\mythirdqt_vs\mythirdqt_vs\x64\debug\test1.obj
d:\mythirdqt_vs\mythirdqt_vs\x64\debug\moc_test1.obj
d:\mythirdqt_vs\mythirdqt_vs\x64\debug\mythirdqt_vs.obj
d:\mythirdqt_vs\mythirdqt_vs\x64\debug\moc_mythirdqt_vs.obj
d:\mythirdqt_vs\x64\debug\mythirdqt_vs.exe
d:\mythirdqt_vs\x64\debug\mythirdqt_vs.ilk
d:\mythirdqt_vs\x64\debug\mythirdqt_vs.pdb
d:\mythirdqt_vs\mythirdqt_vs\x64\debug\moc\moc_mythirdqt_vs.cpp
d:\mythirdqt_vs\mythirdqt_vs\x64\debug\uic\ui_test1.h
d:\mythirdqt_vs\mythirdqt_vs\x64\debug\rcc\qrc_test1.cpp
d:\mythirdqt_vs\mythirdqt_vs\x64\debug\moc\moc_test1.cpp
d:\mythirdqt_vs\mythirdqt_vs\x64\debug\mythirdqt_vs.tlog\cl.command.1.tlog
d:\mythirdqt_vs\mythirdqt_vs\x64\debug\mythirdqt_vs.tlog\cl.read.1.tlog
d:\mythirdqt_vs\mythirdqt_vs\x64\debug\mythirdqt_vs.tlog\cl.write.1.tlog
d:\mythirdqt_vs\mythirdqt_vs\x64\debug\mythirdqt_vs.tlog\link.command.1.tlog
d:\mythirdqt_vs\mythirdqt_vs\x64\debug\mythirdqt_vs.tlog\link.read.1.tlog
d:\mythirdqt_vs\mythirdqt_vs\x64\debug\mythirdqt_vs.tlog\link.write.1.tlog
d:\mythirdqt_vs\mythirdqt_vs\x64\debug\mythirdqt_vs.tlog\moc.read.1u.tlog
d:\mythirdqt_vs\mythirdqt_vs\x64\debug\mythirdqt_vs.tlog\moc.write.1u.tlog
d:\mythirdqt_vs\mythirdqt_vs\x64\debug\mythirdqt_vs.tlog\mythirdqt_vs.write.1u.tlog
d:\mythirdqt_vs\mythirdqt_vs\x64\debug\mythirdqt_vs.tlog\rcc.read.1u.tlog
d:\mythirdqt_vs\mythirdqt_vs\x64\debug\mythirdqt_vs.tlog\rcc.write.1u.tlog
d:\mythirdqt_vs\mythirdqt_vs\x64\debug\mythirdqt_vs.tlog\uic.read.1u.tlog
d:\mythirdqt_vs\mythirdqt_vs\x64\debug\mythirdqt_vs.tlog\uic.write.1u.tlog
